1743654343817:help
1743654347832:easybill
1743654456354:help
1743656940439:hello
1743656942563:help
1743656948078:exit
1743662803663:hello
1743662805551:help
1743662807276:easybill
1743662988738:exit
1743663017565:easybill
1743663040874:exit
1743663050551:easybill
1743663122334:exit
1743663144180:easybill
1743663265165:quite
1743663266531:exit
1743663277578:easybill
1743663281764:help
1743663285778:quit
1743668384646:easybill
1743668422537:quit
1743668433510:easybill
1743668463619:exit
1743668474792:easybill
1743668609300:exit
1743668621735:easybill
1743668643350:exit
1743668655147:easybill
1743668890348:exit
1743668909457:easybill
1743668929948:exit
1743669447766:easybill
1743669454201:exit
1743669541977:help
1743669545265:easybill help
1743669559812:help easybill
1743670072255:exit
1743670560247:easybill
1743670564712:help
1743670583002:easybill 2025 3
1743670587075:quit
1743670647467:help
1743670670763:report 2025 2
1743670735496:exit
1743670745680:help
1743670755494:easybill
1743670762912:easybill report 2025 02
1743671369052:exit
1743676668471:help
1743676673227:easypay report 2025 02
1743676679316:easybill report 2025 02
1743676986264:help
1743676993292:easybill summary 2025 03
1743689478553:help
1743689483146:easybill summary 2025 02
1743689513083:exit
1743689592296:help
1743689599014:leads summary 2025 02
1743689757570:exit
1743689774103:leads summary 2025 02
1743689791671:exit
1743689828440:leads summary 2025 03
1743689878940:exit
1743689895161:leads summary 2025 03
1743690015501:exit
1743690036212:leads summary 2025 03
